<?xml version="1.0" encoding="utf-8"?><testsuites name="pytest tests"><testsuite name="pytest" errors="0" failures="0" skipped="0" tests="10" time="1.783" timestamp="2026-04-28T09:32:32.423049+00:00" hostname="agent-env-0080062a-24af-49e1-a23d-b514bc5df111"><testcase classname="backend.tests.test_wedding_api.TestHealth" name="test_root" time="0.235" /><testcase classname="backend.tests.test_wedding_api.TestRSVPCreate" name="test_create_valid_attending" time="0.137" /><testcase classname="backend.tests.test_wedding_api.TestRSVPCreate" name="test_create_valid_not_attending" time="0.133" /><testcase classname="backend.tests.test_wedding_api.TestRSVPCreate" name="test_invalid_status_422" time="0.100" /><testcase classname="backend.tests.test_wedding_api.TestRSVPCreate" name="test_invalid_side_422" time="0.141" /><testcase classname="backend.tests.test_wedding_api.TestRSVPCreate" name="test_missing_required_422" time="0.145" /><testcase classname="backend.tests.test_wedding_api.TestRSVPListAndSummary" name="test_list_has_no_mongo_id" time="0.205" /><testcase classname="backend.tests.test_wedding_api.TestRSVPListAndSummary" name="test_list_filter_by_side" time="0.177" /><testcase classname="backend.tests.test_wedding_api.TestRSVPListAndSummary" name="test_summary_structure_and_math" time="0.137" /><testcase classname="backend.tests.test_wedding_api.TestRSVPListAndSummary" name="test_summary_increments_after_attending" time="0.220" /></testsuite></testsuites>